Server on port 3020
[0mGET /api/mediosvt [32m200[0m 117.735 ms - 840[0m
[0mGET /api/tipos/ [32m200[0m 91.616 ms - 906[0m
[0mGET /api/tipos/ [36m304[0m 17.250 ms - -[0m
[0mGET /api/tipos/ [36m304[0m 8.356 ms - -[0m
[0mGET /api/tipos/ [36m304[0m 18.006 ms - -[0m
[0mGET /api/tipos/ [32m200[0m 14.027 ms - 906[0m
[0mGET /api/tipos/ [32m200[0m 16.043 ms - 906[0m
[0mGET /api/tipos/ [36m304[0m 8.400 ms - -[0m
[0mGET /api/tipos/ [32m200[0m 10.302 ms - 906[0m
[0mGET /api/tipos/ [32m200[0m 4.795 ms - 906[0m
[0mGET /api/tipos/ [36m304[0m 22.582 ms - -[0m
[0mGET /api/mediosvt [32m200[0m 24.817 ms - 840[0m
[0mGET /api/tipos/ [36m304[0m 4.271 ms - -[0m
[0mGET /api/tipos/ [36m304[0m 3.180 ms - -[0m
[0mGET /api/mediosvt [32m200[0m 48.114 ms - 840[0m
[0mGET /api/mediosvt [32m200[0m 63.586 ms - 840[0m
[0mPOST /api/mynotes [32m200[0m 137.871 ms - 2228[0m
[0mPOST /api/mynotes [32m200[0m 154.579 ms - 2228[0m
[0mGET /api/mediosvt [32m200[0m 6.696 ms - 840[0m
[0mGET /api/mediosvt [36m304[0m 8.091 ms - -[0m
[0mPOST /api/cortesMedio/3122 [32m200[0m 121.391 ms - 2[0m
[0mGET /api/mediosvt [32m200[0m 2.327 ms - 840[0m
[0mGET /api/mediosvt [36m304[0m 15.337 ms - -[0m
[0mGET /api/tipos/ [36m304[0m 10.920 ms - -[0m
[0mGET /api/mediosvt [32m200[0m 9.281 ms - 840[0m
[0mGET /api/mediosvt [36m304[0m 6.769 ms - -[0m
[0mGET /api/mediosvt [36m304[0m 6.941 ms - -[0m
[0mGET /api/mediosvt [36m304[0m 8.061 ms - -[0m
Server on port 3020
[0mGET /api/mediosvt [32m200[0m 121.251 ms - 840[0m
[0mGET /api/tipos/ [32m200[0m 10.787 ms - 906[0m
[0mGET /api/tipos/ [36m304[0m 6.199 ms - -[0m
[0mGET /api/tipos/ [36m304[0m 11.524 ms - -[0m
[0mGET /api/mediosvt [36m304[0m 3.189 ms - -[0m
[0mPOST /api/cortesMedio/3122 [32m200[0m 250.253 ms - 2[0m
[0mPOST /api/cortesMedio/54741 [32m200[0m 140.522 ms - 2[0m
[0mPOST /api/cortesMedio/51051 [32m200[0m 169.893 ms - 6005[0m
[0mPOST /api/cortesMedio/51051 [32m200[0m 114.122 ms - 6005[0m
[0mPOST /api/cortesMedio/51051 [32m200[0m 168.581 ms - 6005[0m
[0mPOST /api/cortesMedio/51051 [32m200[0m 145.235 ms - 6005[0m
[0mPOST /api/transcriptions/51051 [32m200[0m 146.490 ms - 1410[0m
[0mGET /api/temas [32m200[0m 10.366 ms - 187[0m
[0mGET /api/medio/51051 [32m200[0m 10.596 ms - 61[0m
[0mGET /api/tipos/ [32m200[0m 6.377 ms - 906[0m
[0mGET /api/programas/51051 [32m200[0m 15.663 ms - 94[0m
[0mGET /api/palabras [32m200[0m 10.461 ms - 7419[0m
entreinsert
[0mPOST /api/insertnota/ [31m500[0m 50.117 ms - 2[0m
[0mPOST /api/cortesMedio/51051 [32m200[0m 145.185 ms - 6005[0m
[0mPOST /api/transcriptions/51051 [32m200[0m 140.895 ms - 1410[0m
[0mGET /api/temas [36m304[0m 7.292 ms - -[0m
[0mGET /api/medio/51051 [36m304[0m 7.661 ms - -[0m
[0mGET /api/tipos/ [36m304[0m 6.721 ms - -[0m
[0mGET /api/programas/51051 [36m304[0m 6.764 ms - -[0m
[0mGET /api/palabras [36m304[0m 7.652 ms - -[0m
[0mGET /api/tipos/ [36m304[0m 2.686 ms - -[0m
[0mPOST /api/mynotes [32m200[0m 92.560 ms - 2228[0m
[0mGET /api/mynotesdsk/3589A936-C7F8-4F6F-BA7E-5876D9BC4959 [32m200[0m 701.927 ms - 154737[0m
